<?xml version="1.0" encoding="UTF-8"?>
<!-- Generated by org.testng.reporters.JUnitReportReporter -->
<testsuite hostname="NJCreationsLab" name="SpecimenTypeTestCase" tests="2" failures="0" timestamp="27 Apr 2017 08:38:51 GMT" time="0.076" errors="0">
  <testcase name="getAllSpecimenTypeByIdTestCase" time="0.043" classname="SpecimenTypeTestCase"/>
  <testcase name="getAllSpecimenTypeTestCase" time="0.033" classname="SpecimenTypeTestCase"/>
</testsuite> <!-- SpecimenTypeTestCase -->
