<?xml version="1.0" encoding="UTF-8"?>
<!-- Generated by org.testng.reporters.JUnitReportReporter -->
<testsuite hostname="NJCreationsLab" name="PrescriptionItemTestCase" tests="5" failures="0" timestamp="27 Apr 2017 08:38:51 GMT" time="1.219" errors="0">
  <testcase name="getMaxTermIdByUserId" time="0.218" classname="PrescriptionItemTestCase"/>
  <testcase name="getPrescriptionItemByTermID" time="0.261" classname="PrescriptionItemTestCase"/>
  <testcase name="getPrescriptionItemByBHTno" time="0.223" classname="PrescriptionItemTestCase"/>
  <testcase name="UpdatePrescrptionItemTestCase" time="0.268" classname="PrescriptionItemTestCase"/>
  <testcase name="AddPrescriptionItem" time="0.249" classname="PrescriptionItemTestCase"/>
</testsuite> <!-- PrescriptionItemTestCase -->
