<?xml version="1.0" encoding="UTF-8"?>
<!-- Generated by org.testng.reporters.JUnitReportReporter -->
<testsuite hostname="NJCreationsLab" name="OpdRecordTestCase" tests="4" failures="0" timestamp="27 Apr 2017 08:38:51 GMT" time="0.819" errors="0">
  <testcase name="getOpdRecordTestRequestByHID" time="0.215" classname="OpdRecordTestCase"/>
  <testcase name="getOpdTestRequestByPatientID" time="0.251" classname="OpdRecordTestCase"/>
  <testcase name="addOpdRecordTestCase" time="0.175" classname="OpdRecordTestCase"/>
  <testcase name="updateOpdRecordTestCase" time="0.178" classname="OpdRecordTestCase"/>
</testsuite> <!-- OpdRecordTestCase -->
