<?xml version="1.0" encoding="UTF-8"?>
<!-- Generated by org.testng.reporters.JUnitReportReporter -->
<testsuite hostname="NJCreationsLab" name="LaboratoryTestCase" tests="1" failures="0" timestamp="27 Feb 2017 05:31:24 GMT" time="0.247" errors="0">
  <testcase name="insertLabTestCase" time="0.247" classname="LaboratoryTestCase"/>
</testsuite> <!-- LaboratoryTestCase -->
