<?xml version="1.0" encoding="UTF-8"?>
<!-- Generated by org.testng.reporters.JUnitReportReporter -->
<testsuite hostname="NJCreationsLab" name="OpdQueueTestCase" tests="13" failures="0" timestamp="27 Apr 2017 08:38:51 GMT" time="11.136" errors="0">
  <testcase name="getOpdQueueTestRequestByUID" time="0.053" classname="OpdQueueTestCase"/>
  <testcase name="getOpdGetQueueType" time="0.004" classname="OpdQueueTestCase"/>
  <testcase name="getOpdHoldQuiueByUID" time="0.006" classname="OpdQueueTestCase"/>
  <testcase name="getOpdQueueIsPatientInByPID" time="0.182" classname="OpdQueueTestCase"/>
  <testcase name="getOpdQueueNextAssignByPID" time="0.273" classname="OpdQueueTestCase"/>
  <testcase name="getOpdQueueCheckoutByPID" time="0.193" classname="OpdQueueTestCase"/>
  <testcase name="addOpdQueueTestCase" time="0.255" classname="OpdQueueTestCase"/>
  <testcase name="getOpdQueueCurrentInByDID" time="3.944" classname="OpdQueueTestCase"/>
  <testcase name="getOpdQueueCheckinByPID" time="0.187" classname="OpdQueueTestCase"/>
  <testcase name="getOpdQueueStatusByUID" time="0.006" classname="OpdQueueTestCase"/>
  <testcase name="getOpdQueueRediectByUID" time="0.128" classname="OpdQueueTestCase"/>
  <testcase name="getOpdQueueTreatedByUID" time="5.902" classname="OpdQueueTestCase"/>
  <testcase name="getOpdSetQueue" time="0.003" classname="OpdQueueTestCase"/>
</testsuite> <!-- OpdQueueTestCase -->
