<?xml version="1.0" encoding="UTF-8"?>
<!-- Generated by org.testng.reporters.JUnitReportReporter -->
<testsuite hostname="NJCreationsLab" name="OpdQuestionnaireTestCase" tests="9" failures="0" timestamp="27 Apr 2017 08:38:51 GMT" time="5.352" errors="0">
  <testcase name="saveOpdQuestionAnswer" time="5.000" classname="OpdQuestionnaireTestCase"/>
  <testcase name="updateQuestionAnswerTestCase" time="0.002" classname="OpdQuestionnaireTestCase"/>
  <testcase name="addOpdQuestionnaireTestCase" time="0.068" classname="OpdQuestionnaireTestCase"/>
  <testcase name="getOpdQuestionnaireByVisitType" time="0.021" classname="OpdQuestionnaireTestCase"/>
  <testcase name="getOpdQuestionByQID" time="0.011" classname="OpdQuestionnaireTestCase"/>
  <testcase name="getAllQuestionnaireTestCase" time="0.032" classname="OpdQuestionnaireTestCase"/>
  <testcase name="getOpdQuestionniareByQID" time="0.008" classname="OpdQuestionnaireTestCase"/>
  <testcase name="updateQuestionniareTestCase" time="0.008" classname="OpdQuestionnaireTestCase"/>
  <testcase name="getOpdAnswer" time="0.202" classname="OpdQuestionnaireTestCase"/>
</testsuite> <!-- OpdQuestionnaireTestCase -->
