<?xml version="1.0" encoding="UTF-8"?>
<!-- Generated by org.testng.reporters.JUnitReportReporter -->
<testsuite hostname="NJCreationsLab" name="OPDLabTestRequestTestCase" tests="6" failures="0" timestamp="27 Apr 2017 08:38:51 GMT" time="1.881" errors="0">
  <testcase name="updateOPDLabRequests" time="0.312" classname="OPDLabTestRequestTestCase"/>
  <testcase name="getAllOPDLabTestRequests" time="0.301" classname="OPDLabTestRequestTestCase"/>
  <testcase name="addOPDLabTestRequest" time="0.403" classname="OPDLabTestRequestTestCase"/>
  <testcase name="getOPDLabRequestsByVisit" time="0.342" classname="OPDLabTestRequestTestCase"/>
  <testcase name="deleteOPDLabTestRequest" time="0.241" classname="OPDLabTestRequestTestCase"/>
  <testcase name="getOPDLabRequestsByPatient" time="0.282" classname="OPDLabTestRequestTestCase"/>
</testsuite> <!-- OPDLabTestRequestTestCase -->
