<?xml version="1.0" encoding="UTF-8"?>
<!-- Generated by org.testng.reporters.JUnitReportReporter -->
<testsuite hostname="NJCreationsLab" name="OutPatientTestCase" tests="6" failures="0" timestamp="27 Apr 2017 08:38:51 GMT" time="7.256" errors="0">
  <testcase name="getAllPatientsTestCase" time="1.561" classname="OutPatientTestCase"/>
  <testcase name="getMaxPatientIDTestCase" time="0.025" classname="OutPatientTestCase"/>
  <testcase name="updateExamTestCase" time="0.079" classname="OutPatientTestCase"/>
  <testcase name="PatientDetailsTestCase" time="0.085" classname="OutPatientTestCase"/>
  <testcase name="registerPatientTestCase" time="4.293" classname="OutPatientTestCase"/>
  <testcase name="getPatientsForDoctorTestCase" time="1.213" classname="OutPatientTestCase"/>
</testsuite> <!-- OutPatientTestCase -->
