<?xml version="1.0" encoding="UTF-8"?>
<!-- Generated by org.testng.reporters.JUnitReportReporter -->
<testsuite hostname="NJCreationsLab" name="ReportTestCase" tests="2" failures="0" timestamp="27 Apr 2017 08:38:51 GMT" time="0.702" errors="0">
  <testcase name="getAllReportTestCase" time="0.301" classname="ReportTestCase"/>
  <testcase name="generateNewReportTestCase" time="0.401" classname="ReportTestCase"/>
</testsuite> <!-- ReportTestCase -->
