<?xml version="1.0" encoding="UTF-8"?>
<!-- Generated by org.testng.reporters.JUnitReportReporter -->
<testsuite hostname="NJCreationsLab" name="ParmacyTestCase" tests="2" failures="0" timestamp="27 Apr 2017 08:38:51 GMT" time="0.060" errors="0">
  <testcase name="loadPharmacyTestCase" time="0.018" classname="ParmacyTestCase"/>
  <testcase name="addPharmacyTestCase" time="0.042" classname="ParmacyTestCase"/>
</testsuite> <!-- ParmacyTestCase -->
