<?xml version="1.0" encoding="UTF-8"?>
<!-- Generated by org.testng.reporters.JUnitReportReporter -->
<testsuite hostname="NJCreationsLab" name="TestFieldsRangeTestCase" tests="3" failures="0" timestamp="27 Apr 2017 08:38:51 GMT" time="0.411" errors="0">
  <testcase name="getAllLabRangeTestCase" time="0.071" classname="TestFieldsRangeTestCase"/>
  <testcase name="addLabFieldSubRangeTestCase" time="0.178" classname="TestFieldsRangeTestCase"/>
  <testcase name="addLabFieldRangeTestCase" time="0.162" classname="TestFieldsRangeTestCase"/>
</testsuite> <!-- TestFieldsRangeTestCase -->
