<?xml version="1.0" encoding="UTF-8"?>
<!-- Generated by org.testng.reporters.JUnitReportReporter -->
<testsuite hostname="NJCreationsLab" name="TempPrescribeResourceTestCase" tests="4" failures="0" timestamp="27 Apr 2017 08:38:51 GMT" time="0.652" errors="0">
  <testcase name="UpdatePrescrptionItem" time="0.178" classname="TempPrescribeResourceTestCase"/>
  <testcase name="addNewPrescrptionItemTestCase" time="0.246" classname="TempPrescribeResourceTestCase"/>
  <testcase name="deleteWard" time="0.017" classname="TempPrescribeResourceTestCase"/>
  <testcase name="getPrescrptionItemsByTermID" time="0.211" classname="TempPrescribeResourceTestCase"/>
</testsuite> <!-- TempPrescribeResourceTestCase -->
