<?xml version="1.0" encoding="UTF-8"?>
<!-- Generated by org.testng.reporters.JUnitReportReporter -->
<testsuite hostname="NJCreationsLab" name="TestNamesTestCase" tests="5" failures="0" timestamp="27 Apr 2017 08:38:51 GMT" time="0.622" errors="0">
  <testcase name="getAllLabTestsTestCase" time="0.168" classname="TestNamesTestCase"/>
  <testcase name="deleteLabTestsTestCase" time="0.041" classname="TestNamesTestCase"/>
  <testcase name="getMaxTestIDTestCase" time="0.036" classname="TestNamesTestCase"/>
  <testcase name="insertLabTestsTestCase" time="0.141" classname="TestNamesTestCase"/>
  <testcase name="updateTestsTestCase" time="0.236" classname="TestNamesTestCase"/>
</testsuite> <!-- TestNamesTestCase -->
