<?xml version="1.0" encoding="UTF-8"?>
<!-- Generated by org.testng.reporters.JUnitReportReporter -->
<testsuite hostname="NJCreationsLab" name="PrescriptionTermTestCase" tests="3" failures="0" timestamp="27 Apr 2017 08:38:51 GMT" time="0.879" errors="0">
  <testcase name="UpdateTermPrescrptionTestCase" time="0.288" classname="PrescriptionTermTestCase"/>
  <testcase name="getTermPrescriptionByBHTno" time="0.350" classname="PrescriptionTermTestCase"/>
  <testcase name="AddPresceiptionTermTestCase" time="0.241" classname="PrescriptionTermTestCase"/>
</testsuite> <!-- PrescriptionTermTestCase -->
