<?xml version="1.0" encoding="UTF-8"?>
<!-- Generated by org.testng.reporters.JUnitReportReporter -->
<testsuite hostname="NJCreationsLab" name="BedTestCase" tests="5" failures="0" timestamp="27 Apr 2017 08:38:51 GMT" time="0.291" errors="0">
  <testcase name="addBedTestCase" time="0.008" classname="BedTestCase"/>
  <testcase name="getAllBedByWardNoTestCase" time="0.232" classname="BedTestCase"/>
  <testcase name="getBedByWardNoAndBedNoTestCase" time="0.016" classname="BedTestCase"/>
  <testcase name="updateBedTestCase" time="0.002" classname="BedTestCase"/>
  <testcase name="getFreeBedByWardNoTestCase" time="0.033" classname="BedTestCase"/>
</testsuite> <!-- BedTestCase -->
