<?xml version="1.0" encoding="UTF-8"?>
<!-- Generated by org.testng.reporters.JUnitReportReporter -->
<testsuite hostname="NJCreationsLab" name="ParentTestFieldsTestCase" tests="4" failures="0" timestamp="27 Apr 2017 08:38:51 GMT" time="0.400" errors="0">
  <testcase name="getAllLabParentTestCase" time="0.031" classname="ParentTestFieldsTestCase"/>
  <testcase name="getMaxParentIDTestCase" time="0.042" classname="ParentTestFieldsTestCase"/>
  <testcase name="getAllLabParentByIDTestCase" time="0.108" classname="ParentTestFieldsTestCase"/>
  <testcase name="addLabParentTestCase" time="0.219" classname="ParentTestFieldsTestCase"/>
</testsuite> <!-- ParentTestFieldsTestCase -->
