<?xml version="1.0" encoding="UTF-8"?>
<!-- Generated by org.testng.reporters.JUnitReportReporter -->
<testsuite hostname="NJCreationsLab" name="MainResultsTestCase" tests="3" failures="0" timestamp="27 Apr 2017 08:38:51 GMT" time="2.451" errors="0">
  <testcase name="addMainResultsTestCase" time="0.920" classname="MainResultsTestCase"/>
  <testcase name="getAllMainResultsTestCase" time="0.736" classname="MainResultsTestCase"/>
  <testcase name="getAllSubCategoriesTestCase" time="0.795" classname="MainResultsTestCase"/>
</testsuite> <!-- MainResultsTestCase -->
