<?xml version="1.0" encoding="UTF-8"?>
<!-- Generated by org.testng.reporters.JUnitReportReporter -->
<testsuite hostname="NJCreationsLab" name="ExternalTransferResourseTestCase" tests="2" failures="0" timestamp="27 Apr 2017 08:38:51 GMT" time="0.050" errors="0">
  <testcase name="CreateExternalTransfer" time="0.028" classname="ExternalTransferResourseTestCase"/>
  <testcase name="getSelectInternalTransfer" time="0.022" classname="ExternalTransferResourseTestCase"/>
</testsuite> <!-- ExternalTransferResourseTestCase -->
