<?xml version="1.0" encoding="UTF-8"?>
<!-- Generated by org.testng.reporters.JUnitReportReporter -->
<testsuite hostname="NJCreationsLab" name="TempreturechartTestcase" tests="3" failures="0" timestamp="27 Apr 2017 08:38:51 GMT" time="0.779" errors="0">
  <testcase name="addNewTempchartDetails" time="0.218" classname="TempreturechartTestcase"/>
  <testcase name="getDiabeticChartByBHTNoTestCase" time="0.253" classname="TempreturechartTestcase"/>
  <testcase name="TemperaturechartResource" time="0.308" classname="TempreturechartTestcase"/>
</testsuite> <!-- TempreturechartTestcase -->
