<?xml version="1.0" encoding="UTF-8"?>
<!-- Generated by org.testng.reporters.JUnitReportReporter -->
<testsuite hostname="NJCreationsLab" name="PCULabTestRequestTestCase" tests="7" failures="0" timestamp="27 Apr 2017 08:38:51 GMT" time="1.504" errors="0">
  <testcase name="deleteOPDLabTestRequest" time="0.170" classname="PCULabTestRequestTestCase"/>
  <testcase name="updatePCULabRequests" time="0.186" classname="PCULabTestRequestTestCase"/>
  <testcase name="getAllPcuLabTestCase" time="0.025" classname="PCULabTestRequestTestCase"/>
  <testcase name="getPcuLabTestByPatientID" time="0.327" classname="PCULabTestRequestTestCase"/>
  <testcase name="addPcuLabTestRequestTestCase" time="0.299" classname="PCULabTestRequestTestCase"/>
  <testcase name="getPcuLabTestByReqID" time="0.244" classname="PCULabTestRequestTestCase"/>
  <testcase name="getPcuLabTestByAdminID" time="0.253" classname="PCULabTestRequestTestCase"/>
</testsuite> <!-- PCULabTestRequestTestCase -->
