<?xml version="1.0" encoding="UTF-8"?>
<!-- Generated by org.testng.reporters.JUnitReportReporter -->
<testsuite hostname="NJCreationsLab" name="LiquidBalanceTestCase" tests="3" failures="0" timestamp="27 Apr 2017 08:38:51 GMT" time="0.741" errors="0">
  <testcase name="getDiabeticChartByBHTNo" time="0.242" classname="LiquidBalanceTestCase"/>
  <testcase name="getChartDetails" time="0.294" classname="LiquidBalanceTestCase"/>
  <testcase name="addNewchartDetails" time="0.205" classname="LiquidBalanceTestCase"/>
</testsuite> <!-- LiquidBalanceTestCase -->
