<?xml version="1.0" encoding="UTF-8"?>
<!-- Generated by org.testng.reporters.JUnitReportReporter -->
<testsuite hostname="NJCreationsLab" name="LabTestCase" tests="5" failures="0" timestamp="27 Apr 2017 08:38:51 GMT" time="0.467" errors="0">
  <testcase name="addLaboratoryTestCase" time="0.138" classname="LabTestCase"/>
  <testcase name="deleteLabTestCase" time="0.021" classname="LabTestCase"/>
  <testcase name="updateLaboratoryTestCase" time="0.142" classname="LabTestCase"/>
  <testcase name="getLabTestRequestByID" time="0.084" classname="LabTestCase"/>
  <testcase name="getAllLaboratoriesTestCase" time="0.082" classname="LabTestCase"/>
</testsuite> <!-- LabTestCase -->
