<?xml version="1.0" encoding="UTF-8"?>
<!-- Generated by org.testng.reporters.JUnitReportReporter -->
<testsuite hostname="NJCreationsLab" name="SpecimenRetentionTypeTestCase" tests="2" failures="0" timestamp="27 Apr 2017 08:38:51 GMT" time="0.113" errors="0">
  <testcase name="getAllSpecimenRetentionTypeTestCase" time="0.029" classname="SpecimenRetentionTypeTestCase"/>
  <testcase name="getAllSpecimenRetentionTypeByIdTestCase" time="0.084" classname="SpecimenRetentionTypeTestCase"/>
</testsuite> <!-- SpecimenRetentionTypeTestCase -->
