<?xml version="1.0" encoding="UTF-8"?>
<!-- Generated by org.testng.reporters.JUnitReportReporter -->
<testsuite hostname="NJCreationsLab" name="SampleCenterTypeTestCase" tests="4" failures="0" timestamp="27 Apr 2017 08:38:51 GMT" time="0.119" errors="0">
  <testcase name="addSampleCenterTypeTestCase" time="0.061" classname="SampleCenterTypeTestCase"/>
  <testcase name="getAllSampleCenterTypesTestCase" time="0.021" classname="SampleCenterTypeTestCase"/>
  <testcase name="updateSampleCenterTypesTestCase" time="0.027" classname="SampleCenterTypeTestCase"/>
  <testcase name="deleteSampleCenterTypeTestCase" time="0.010" classname="SampleCenterTypeTestCase"/>
</testsuite> <!-- SampleCenterTypeTestCase -->
