<?xml version="1.0" encoding="UTF-8"?>
<!-- Generated by org.testng.reporters.JUnitReportReporter -->
<testsuite hostname="NJCreationsLab" name="LabDepartmentsTestCase" tests="4" failures="0" timestamp="27 Apr 2017 08:38:51 GMT" time="0.255" errors="0">
  <testcase name="insertLabDepartmentTestCase" time="0.152" classname="LabDepartmentsTestCase"/>
  <testcase name="deleteLabTypeTestCase" time="0.037" classname="LabDepartmentsTestCase"/>
  <testcase name="updateLabDepartmentTestCase" time="0.041" classname="LabDepartmentsTestCase"/>
  <testcase name="getAllLaboratoriesTestCase" time="0.025" classname="LabDepartmentsTestCase"/>
</testsuite> <!-- LabDepartmentsTestCase -->
