<?xml version="1.0" encoding="UTF-8"?>
<!-- Generated by org.testng.reporters.JUnitReportReporter -->
<testsuite hostname="NJCreationsLab" name="OpdAttachmentTestCase" tests="4" failures="0" timestamp="27 Apr 2017 08:38:51 GMT" time="0.573" errors="0">
  <testcase name="getOpdTestRequestByPID" time="0.091" classname="OpdAttachmentTestCase"/>
  <testcase name="getOpdTestRequestByAttachID" time="0.216" classname="OpdAttachmentTestCase"/>
  <testcase name="updateOpdAttachmentTestCase" time="0.178" classname="OpdAttachmentTestCase"/>
  <testcase name="addOpdAttachmentTestCase" time="0.088" classname="OpdAttachmentTestCase"/>
</testsuite> <!-- OpdAttachmentTestCase -->
