<?xml version="1.0" encoding="UTF-8"?>
<!-- Generated by org.testng.reporters.JUnitReportReporter -->
<testsuite hostname="NJCreationsLab" name="AllergyTestCase" tests="4" failures="0" timestamp="27 Apr 2017 08:38:51 GMT" time="0.814" errors="0">
  <testcase name="addAllergyTestCase" time="0.243" classname="AllergyTestCase"/>
  <testcase name="updateAllergyTestCase" time="0.201" classname="AllergyTestCase"/>
  <testcase name="getAllergiesByPatientTestCase" time="0.197" classname="AllergyTestCase"/>
  <testcase name="getAllergiesByAllergyIdTestCase" time="0.173" classname="AllergyTestCase"/>
</testsuite> <!-- AllergyTestCase -->
