<?xml version="1.0" encoding="UTF-8"?>
<!-- Generated by org.testng.reporters.JUnitReportReporter -->
<testsuite hostname="NJCreationsLab" name="DiagnoseResourceTestcase" tests="2" failures="0" timestamp="27 Apr 2017 08:38:51 GMT" time="0.419" errors="0">
  <testcase name="addDiagnose" time="0.215" classname="DiagnoseResourceTestcase"/>
  <testcase name="getDiagnoseByBHTNo" time="0.204" classname="DiagnoseResourceTestcase"/>
</testsuite> <!-- DiagnoseResourceTestcase -->
