<?xml version="1.0" encoding="UTF-8"?>
<!-- Generated by org.testng.reporters.JUnitReportReporter -->
<testsuite hostname="NJCreationsLab" name="SampleCenterTestCase" tests="5" failures="0" timestamp="27 Apr 2017 08:38:51 GMT" time="0.554" errors="0">
  <testcase name="addNewSampleCenterTestCase" time="0.150" classname="SampleCenterTestCase"/>
  <testcase name="getAllSampleCentersTestCase" time="0.101" classname="SampleCenterTestCase"/>
  <testcase name="deleteSampleCenterTestCase" time="0.026" classname="SampleCenterTestCase"/>
  <testcase name="getSampleCentersByLabTypeTestCase" time="0.101" classname="SampleCenterTestCase"/>
  <testcase name="updateSampleCenterDetailsTestCase" time="0.176" classname="SampleCenterTestCase"/>
</testsuite> <!-- SampleCenterTestCase -->
