<?xml version="1.0" encoding="UTF-8"?>
<!-- Generated by org.testng.reporters.JUnitReportReporter -->
<testsuite hostname="NJCreationsLab" name="CategoryTestCase" tests="4" failures="0" timestamp="27 Apr 2017 08:38:51 GMT" time="0.248" errors="0">
  <testcase name="deleteCategoryTestCase" time="0.041" classname="CategoryTestCase"/>
  <testcase name="updateCategoriesDetailsTestCase" time="0.071" classname="CategoryTestCase"/>
  <testcase name="addNewCatDetailsTestCase" time="0.118" classname="CategoryTestCase"/>
  <testcase name="getAllCategoriesTestCase" time="0.018" classname="CategoryTestCase"/>
</testsuite> <!-- CategoryTestCase -->
