<?xml version="1.0" encoding="UTF-8"?>
<!-- Generated by org.testng.reporters.JUnitReportReporter -->
<testsuite hostname="NJCreationsLab" name="SubTestFieldsTestCase" tests="4" failures="0" timestamp="27 Apr 2017 08:38:51 GMT" time="0.223" errors="0">
  <testcase name="addNewSubTestFieldTestCase" time="0.046" classname="SubTestFieldsTestCase"/>
  <testcase name="getAllSubTestFieldsTestCase" time="0.029" classname="SubTestFieldsTestCase"/>
  <testcase name="GetMaxSubTestFieldTestCase" time="0.026" classname="SubTestFieldsTestCase"/>
  <testcase name="GetTestSubFieldsTestCase" time="0.122" classname="SubTestFieldsTestCase"/>
</testsuite> <!-- SubTestFieldsTestCase -->
