<?xml version="1.0" encoding="UTF-8"?>
<!-- Generated by org.testng.reporters.JUnitReportReporter -->
<testsuite hostname="NJCreationsLab" name="PrescriptionTestCase" tests="4" failures="0" timestamp="27 Apr 2017 08:38:51 GMT" time="1.474" errors="0">
  <testcase name="getPrescriptionsByPatientTestCase" time="0.278" classname="PrescriptionTestCase"/>
  <testcase name="getPrescriptionsByPrescriptionTestCase" time="0.227" classname="PrescriptionTestCase"/>
  <testcase name="addPrescriptionTestCase" time="0.494" classname="PrescriptionTestCase"/>
  <testcase name="updatePrescriptionTestCase" time="0.475" classname="PrescriptionTestCase"/>
</testsuite> <!-- PrescriptionTestCase -->
