<?xml version="1.0" encoding="UTF-8"?>
<!-- Generated by org.testng.reporters.JUnitReportReporter -->
<testsuite hostname="NJCreationsLab" name="LabTestRequestFiltersTestCase" tests="3" failures="0" timestamp="27 Apr 2017 08:38:51 GMT" time="2.187" errors="0">
  <testcase name="getAllPatientsTestCase" time="1.687" classname="LabTestRequestFiltersTestCase"/>
  <testcase name="getAllLabTestRequestByLocationTestCase" time="0.221" classname="LabTestRequestFiltersTestCase"/>
  <testcase name="getAllLabTestRequestByPIDTestCase" time="0.279" classname="LabTestRequestFiltersTestCase"/>
</testsuite> <!-- LabTestRequestFiltersTestCase -->
