<?xml version="1.0" encoding="UTF-8"?>
<!-- Generated by org.testng.reporters.JUnitReportReporter -->
<testsuite hostname="NJCreationsLab" name="OpdVisitTestCase" tests="7" failures="0" timestamp="27 Apr 2017 08:38:51 GMT" time="4.914" errors="0">
  <testcase name="updateVisitTestCase" time="0.077" classname="OpdVisitTestCase"/>
  <testcase name="addOpdVisitTestCase" time="0.156" classname="OpdVisitTestCase"/>
  <testcase name="getOpdVisitForReports" time="4.383" classname="OpdVisitTestCase"/>
  <testcase name="getOpdVisitTestRequestByPID" time="0.086" classname="OpdVisitTestCase"/>
  <testcase name="getOpdVisitTestRequestByVisitDate" time="0.081" classname="OpdVisitTestCase"/>
  <testcase name="getOpdVisitRecentRequestByPID" time="0.057" classname="OpdVisitTestCase"/>
  <testcase name="getOpdVisitTestByVisitId" time="0.074" classname="OpdVisitTestCase"/>
</testsuite> <!-- OpdVisitTestCase -->
