<?xml version="1.0" encoding="UTF-8"?>
<!-- Generated by org.testng.reporters.JUnitReportReporter -->
<testsuite hostname="NJCreationsLab" name="LabTestRequestTestCase" tests="10" failures="0" timestamp="27 Apr 2017 08:38:51 GMT" time="9.173" errors="0">
  <testcase name="getTestRequestByRequestIDTestCase" time="0.336" classname="LabTestRequestTestCase"/>
  <testcase name="setStatusTestCase" time="0.234" classname="LabTestRequestTestCase"/>
  <testcase name="addSpecimenInfoTestCase" time="4.495" classname="LabTestRequestTestCase"/>
  <testcase name="getAllTestRequestsTestCase" time="0.573" classname="LabTestRequestTestCase"/>
  <testcase name="getAllSpecimenRetTypesTestCase" time="0.031" classname="LabTestRequestTestCase"/>
  <testcase name="getAllSpecimenTypeTestCase" time="0.031" classname="LabTestRequestTestCase"/>
  <testcase name="getSpecimenIDByRequestIDTestCase" time="0.016" classname="LabTestRequestTestCase"/>
  <testcase name="getRequestsByPatientIDTestCase" time="2.954" classname="LabTestRequestTestCase"/>
  <testcase name="addNewLabTestRequestTestCase" time="0.455" classname="LabTestRequestTestCase"/>
  <testcase name="getSpecimenByRequestIDTestCase" time="0.048" classname="LabTestRequestTestCase"/>
</testsuite> <!-- LabTestRequestTestCase -->
