<?xml version="1.0" encoding="UTF-8"?>
<!-- Generated by org.testng.reporters.JUnitReportReporter -->
<testsuite hostname="NJCreationsLab" name="ExamsTestCase" tests="4" failures="0" timestamp="27 Apr 2017 08:38:51 GMT" time="0.915" errors="0">
  <testcase name="getExamsbyVisitIdTestCase" time="0.191" classname="ExamsTestCase"/>
  <testcase name="addExamTestCase" time="0.292" classname="ExamsTestCase"/>
  <testcase name="getExamsbyExamIdTestCase" time="0.209" classname="ExamsTestCase"/>
  <testcase name="updateExamTestCase" time="0.223" classname="ExamsTestCase"/>
</testsuite> <!-- ExamsTestCase -->
