<?xml version="1.0" encoding="UTF-8"?>
<!-- Generated by org.testng.reporters.JUnitReportReporter -->
<testsuite hostname="NJCreationsLab" name="WardTestCase" tests="5" failures="0" timestamp="27 Apr 2017 08:38:51 GMT" time="0.127" errors="0">
  <testcase name="updateWardDetailsTestCase" time="0.029" classname="WardTestCase"/>
  <testcase name="DeleteWardTestCase" time="0.032" classname="WardTestCase"/>
  <testcase name="getWardByWardNoTestCase" time="0.018" classname="WardTestCase"/>
  <testcase name="getWardTestCase" time="0.017" classname="WardTestCase"/>
  <testcase name="AddWardTestCase" time="0.031" classname="WardTestCase"/>
</testsuite> <!-- WardTestCase -->
