<?xml version="1.0" encoding="UTF-8"?>
<!-- Generated by org.testng.reporters.JUnitReportReporter -->
<testsuite hostname="NJCreationsLab" name="LabTypeTestCase" tests="3" failures="0" timestamp="27 Apr 2017 08:38:51 GMT" time="4.606" errors="0">
  <testcase name="updateLabTypeTestCase" time="0.047" classname="LabTypeTestCase"/>
  <testcase name="deleteLabTypeTestCase" time="4.493" classname="LabTypeTestCase"/>
  <testcase name="insertLabTypeTestCase" time="0.066" classname="LabTypeTestCase"/>
</testsuite> <!-- LabTypeTestCase -->
