<?xml version="1.0" encoding="UTF-8"?>
<!-- Generated by org.testng.reporters.JUnitReportReporter -->
<testsuite hostname="NJCreationsLab" name="AdmissionRequestResourceTestCase" tests="4" failures="0" timestamp="27 Apr 2017 08:38:51 GMT" time="1.273" errors="0">
  <testcase name="updateAdmissionRequest" time="0.284" classname="AdmissionRequestResourceTestCase"/>
  <testcase name="getNotReadAdmissionRequestByWard" time="0.477" classname="AdmissionRequestResourceTestCase"/>
  <testcase name="addAdmissionRequest" time="0.222" classname="AdmissionRequestResourceTestCase"/>
  <testcase name="getSelectAdmissionReq" time="0.290" classname="AdmissionRequestResourceTestCase"/>
</testsuite> <!-- AdmissionRequestResourceTestCase -->
