<?xml version="1.0" encoding="UTF-8"?>
<!-- Generated by org.testng.reporters.JUnitReportReporter -->
<testsuite hostname="NJCreationsLab" name="AdmissionResourceTestCase" tests="9" failures="0" timestamp="27 Apr 2017 08:38:51 GMT" time="2.393" errors="0">
  <testcase name="updateDischargeSignTestCase" time="0.282" classname="AdmissionResourceTestCase"/>
  <testcase name="getWardAdmissionByWardNoTestCase" time="0.109" classname="AdmissionResourceTestCase"/>
  <testcase name="updateDischargeTestCase" time="0.236" classname="AdmissionResourceTestCase"/>
  <testcase name="getPatientInformationByBHTNoTestCase" time="0.233" classname="AdmissionResourceTestCase"/>
  <testcase name="updateAdmissionBedNoTestCase" time="0.268" classname="AdmissionResourceTestCase"/>
  <testcase name="getWardAdmissionDetailsByBHTNoTestCase" time="0.279" classname="AdmissionResourceTestCase"/>
  <testcase name="getWardAdmissionTestCase" time="0.517" classname="AdmissionResourceTestCase"/>
  <testcase name="getWardAdmissionByPatientIDTestCase" time="0.188" classname="AdmissionResourceTestCase"/>
  <testcase name="addWardTestCase" time="0.281" classname="AdmissionResourceTestCase"/>
</testsuite> <!-- AdmissionResourceTestCase -->
