<?xml version="1.0" encoding="UTF-8"?>
<!-- Generated by org.testng.reporters.JUnitReportReporter -->
<testsuite hostname="NJCreationsLab" name="InwardNurseNoteTestCase" tests="4" failures="0" timestamp="27 Apr 2017 08:38:51 GMT" time="6.309" errors="0">
  <testcase name="AddInwardNurseNoteTestCase" time="0.249" classname="InwardNurseNoteTestCase"/>
  <testcase name="getDiabeticChartByBHTno" time="0.330" classname="InwardNurseNoteTestCase"/>
  <testcase name="getNurseNote" time="5.533" classname="InwardNurseNoteTestCase"/>
  <testcase name="UpdateTermPrescrptionTestCase" time="0.197" classname="InwardNurseNoteTestCase"/>
</testsuite> <!-- InwardNurseNoteTestCase -->
