<?xml version="1.0" encoding="UTF-8"?>
<!-- Generated by org.testng.reporters.JUnitReportReporter -->
<testsuite hostname="NJCreationsLab" name="HinTestCase" tests="2" failures="0" timestamp="27 Apr 2017 08:38:51 GMT" time="1.683" errors="0">
  <testcase name="generateChekDigitTestCase" time="0.023" classname="HinTestCase"/>
  <testcase name="serialNumberForHinTestCase" time="1.660" classname="HinTestCase"/>
</testsuite> <!-- HinTestCase -->
