<?xml version="1.0" encoding="UTF-8"?>
<!-- Generated by org.testng.reporters.JUnitReportReporter -->
<testsuite hostname="NJCreationsLab" name="DiabeticChartTestCase" tests="3" failures="0" timestamp="27 Apr 2017 08:38:51 GMT" time="0.753" errors="0">
  <testcase name="addNewDiabeticchartDetailsTestCase" time="0.235" classname="DiabeticChartTestCase"/>
  <testcase name="getAllChartTestCase" time="0.247" classname="DiabeticChartTestCase"/>
  <testcase name="getDiabeticChartByBHTNoTestCase" time="0.271" classname="DiabeticChartTestCase"/>
</testsuite> <!-- DiabeticChartTestCase -->
