<?xml version="1.0" encoding="UTF-8"?>
<!-- Generated by org.testng.reporters.JUnitReportReporter -->
<testsuite hostname="NJCreationsLab" name="InternalTransferResourceTestCase" tests="6" failures="0" timestamp="27 Apr 2017 08:38:51 GMT" time="1.520" errors="0">
  <testcase name="CreateInternalTransfer" time="0.234" classname="InternalTransferResourceTestCase"/>
  <testcase name="getInternalTransferByBHTNo" time="0.249" classname="InternalTransferResourceTestCase"/>
  <testcase name="getNotReadInternalTransferByWard" time="0.246" classname="InternalTransferResourceTestCase"/>
  <testcase name="getInternalTransferByID" time="0.267" classname="InternalTransferResourceTestCase"/>
  <testcase name="getSelectInternalTransfer" time="0.288" classname="InternalTransferResourceTestCase"/>
  <testcase name="updateInternalTransfer" time="0.236" classname="InternalTransferResourceTestCase"/>
</testsuite> <!-- InternalTransferResourceTestCase -->
