<?xml version="1.0" encoding="UTF-8"?>
<!-- Generated by org.testng.reporters.JUnitReportReporter -->
<testsuite hostname="NJCreationsLab" name="SubCategoryTestCase" tests="4" failures="0" timestamp="27 Apr 2017 08:38:51 GMT" time="0.218" errors="0">
  <testcase name="getAllSubCategoriesTestCase" time="0.051" classname="SubCategoryTestCase"/>
  <testcase name="updateSubCategoriesDetailsTestCase" time="0.058" classname="SubCategoryTestCase"/>
  <testcase name="deleteSubCategoryTestCase" time="0.074" classname="SubCategoryTestCase"/>
  <testcase name="getAllSubCategoriesByIdTestCase" time="0.035" classname="SubCategoryTestCase"/>
</testsuite> <!-- SubCategoryTestCase -->
