<?xml version="1.0" encoding="UTF-8"?>
<!-- Generated by org.testng.reporters.JUnitReportReporter -->
<testsuite hostname="NJCreationsLab" name="OpdLiveSearchTestCase" tests="2" failures="0" timestamp="27 Apr 2017 08:38:51 GMT" time="0.026" errors="0">
  <testcase name="getAllInjuryLiveTestCase" time="0.008" classname="OpdLiveSearchTestCase"/>
  <testcase name="getAllAllergyLiveTestCase" time="0.018" classname="OpdLiveSearchTestCase"/>
</testsuite> <!-- OpdLiveSearchTestCase -->
