<?xml version="1.0" encoding="UTF-8"?>
<!-- Generated by org.testng.reporters.JUnitReportReporter -->
<testsuite hostname="NJCreationsLab" name="SubTestFieldsResultsTestCase" tests="2" failures="0" timestamp="27 Apr 2017 08:38:51 GMT" time="7.658" errors="0">
  <testcase name="addSubFieldsResultsTestCase" time="7.650" classname="SubTestFieldsResultsTestCase"/>
  <testcase name="getAllLabSubResultsTestCase" time="0.008" classname="SubTestFieldsResultsTestCase"/>
</testsuite> <!-- SubTestFieldsResultsTestCase -->
